<?xml version="1.0" encoding="UTF-8"?>
<!-- Generated by org.testng.reporters.JUnitReportReporter -->
<testsuite hostname="COL-LT-231114C" failures="0" tests="1" name="FillFormTest" time="36.900" errors="0" timestamp="2024-05-06T13:32:02 COT" skipped="0">
  <testcase classname="FillFormTest" name="simpleFillFormTest" time="36.900"/>
</testsuite> <!-- FillFormTest -->
